{"time":"2018-06-06 16:06:25","level":"debug","message":"SELECT mbr_idx, mbr_id, mbr_name, mbr_team, mbr_arrive_in, mbr_arr_last_report, latitude, longitude, mbr_pos_last_report FROM eq_member"}
{"time":"2018-06-06 16:06:23","level":"debug","message":"SELECT * FROM eq_structure"}
{"time":"2018-06-06 16:06:56","level":"error","message":"EXPRESS ERROR"}
{"time":"2018-06-06 16:06:20","level":"error","message":"SQL ERROR"}
{"time":"2018-06-06 16:06:32","level":"error","message":"SQL ERROR"}
{"time":"2018-06-06 16:06:47","level":"debug","message":"INSERT INTO eq_structure (str_branch, str_line, str_name, latitude, longitude) VALUES ('?', '?', '?', '?', '?')"}
{"time":"2018-06-06 16:06:50","level":"debug","message":"INSERT INTO eq_structure (str_branch, str_line, str_name, latitude, longitude) VALUES ('?', '?', '?', '?', '?')"}
{"time":"2018-06-06 16:06:57","level":"error","message":"JWT TOKEN ERROR"}
{"time":"2018-06-06 16:06:05","level":"error","message":"JWT TOKEN ERROR"}
{"time":"2018-06-06 16:06:08","level":"debug","message":"SELECT * FROM eq_member WHERE mbr_id = ?"}
{"time":"2018-06-06 16:06:09","level":"debug","message":"DELETE FROM eq_token WHERE tkn_mbr_idx = ?"}
{"time":"2018-06-06 16:06:09","level":"debug","message":"INSERT INTO eq_token (tkn_mbr_idx, tkn_token) VALUES (?, ?)"}
{"time":"2018-06-06 16:06:31","level":"error","message":"JWT TOKEN ERROR"}
{"time":"2018-06-06 16:06:35","level":"error","message":"JWT TOKEN ERROR"}
{"time":"2018-06-06 16:06:22","level":"debug","message":"DELETE FROM eq_token WHERE tkn_mbr_idx = ?"}
{"time":"2018-06-06 16:06:22","level":"debug","message":"INSERT INTO eq_token (tkn_mbr_idx, tkn_token) VALUES (?, ?)"}
{"time":"2018-06-06 16:06:36","level":"error","message":"JWT TOKEN ERROR"}
{"time":"2018-06-06 16:06:32","level":"debug","message":"DELETE FROM eq_token WHERE tkn_mbr_idx = ?"}
{"time":"2018-06-06 16:06:32","level":"debug","message":"INSERT INTO eq_token (tkn_mbr_idx, tkn_token) VALUES (?, ?)"}
{"time":"2018-06-06 16:06:32","level":"error","message":"SQL ERROR"}
{"time":"2018-06-06 16:06:50","level":"debug","message":"DELETE FROM eq_token WHERE tkn_mbr_idx = ?"}
{"time":"2018-06-06 16:06:51","level":"debug","message":"INSERT INTO eq_token (tkn_mbr_idx, tkn_token) VALUES (?, ?)"}
{"time":"2018-06-06 16:06:51","level":"error","message":"SQL ERROR"}
