{"time":"2018-06-03 03:06:30","level":"error","message":"SQL ERROR"}
{"time":"2018-06-03 03:06:55","level":"error","message":"SQL ERROR"}
{"time":"2018-06-03 03:06:13","level":"error","message":"EXPRESS ERROR"}
{"time":"2018-06-03 03:06:14","level":"error","message":"EXPRESS ERROR"}
{"time":"2018-06-03 03:06:14","level":"error","message":"SQL ERROR"}
{"time":"2018-06-03 03:06:25","level":"error","message":"SQL ERROR"}
{"time":"2018-06-03 03:06:44","level":"error","message":"SQL ERROR"}
{"time":"2018-06-03 03:06:35","level":"debug","message":"SELECT * FROM eq_member WHERE mbr_id = ?"}
{"time":"2018-06-03 03:06:01","level":"debug","message":"SELECT * FROM eq_member WHERE mbr_id = ?"}
{"time":"2018-06-03 03:06:01","level":"debug","message":"DELETE FROM eq_token WHERE tkn_mbr_idx = ?"}
{"time":"2018-06-03 03:06:01","level":"debug","message":"INSERT INTO eq_token (tkn_mbr_idx, tkn_token) VALUES (?, ?)"}
{"time":"2018-06-03 03:06:16","level":"debug","message":"DELETE FROM eq_token WHERE tkn_mbr_idx = ?"}
{"time":"2018-06-03 03:06:16","level":"error","message":"SQL ERROR"}
{"time":"2018-06-03 03:06:01","level":"debug","message":"DELETE FROM eq_token WHERE tkn_mbr_idx = ?"}
{"time":"2018-06-03 03:06:01","level":"error","message":"SQL ERROR"}
{"time":"2018-06-03 03:06:35","level":"debug","message":"DELETE FROM eq_token WHERE tkn_mbr_idx = ?"}
{"time":"2018-06-03 03:06:35","level":"error","message":"SQL ERROR"}
{"time":"2018-06-03 03:06:58","level":"debug","message":"DELETE FROM eq_token WHERE tkn_mbr_idx = ?"}
{"time":"2018-06-03 03:06:58","level":"error","message":"SQL ERROR"}
{"time":"2018-06-03 03:06:26","level":"debug","message":"DELETE FROM eq_token WHERE tkn_mbr_idx = ?"}
{"time":"2018-06-03 03:06:26","level":"error","message":"SQL ERROR"}
{"time":"2018-06-03 03:06:27","level":"debug","message":"DELETE FROM eq_token WHERE tkn_mbr_idx = ?"}
{"time":"2018-06-03 03:06:28","level":"error","message":"SQL ERROR"}
{"time":"2018-06-03 03:06:39","level":"debug","message":"SELECT * FROM eq_member WHERE mbr_id = ?"}
{"time":"2018-06-03 03:06:39","level":"debug","message":"DELETE FROM eq_token WHERE tkn_mbr_idx = ?"}
{"time":"2018-06-03 03:06:39","level":"debug","message":"INSERT INTO eq_token (tkn_mbr_idx, tkn_token) VALUES (?, ?)"}
{"time":"2018-06-03 03:06:11","level":"error","message":"SQL ERROR"}
{"time":"2018-06-03 03:06:20","level":"error","message":"SQL ERROR"}
{"time":"2018-06-03 03:06:29","level":"debug","message":"DELETE FROM eq_token WHERE tkn_mbr_idx = ?"}
{"time":"2018-06-03 03:06:29","level":"debug","message":"INSERT INTO eq_token (tkn_mbr_idx, tkn_token) VALUES (?, ?)"}
{"time":"2018-06-03 03:06:42","level":"debug","message":"SELECT * FROM eq_member WHERE mbr_id = ?"}
{"time":"2018-06-03 03:06:42","level":"debug","message":"DELETE FROM eq_token WHERE tkn_mbr_idx = ?"}
{"time":"2018-06-03 03:06:42","level":"debug","message":"INSERT INTO eq_token (tkn_mbr_idx, tkn_token) VALUES (?, ?)"}
{"time":"2018-06-03 03:06:50","level":"debug","message":"DELETE FROM eq_token WHERE tkn_mbr_idx = ?"}
{"time":"2018-06-03 03:06:50","level":"debug","message":"INSERT INTO eq_token (tkn_mbr_idx, tkn_token) VALUES (?, ?)"}
{"time":"2018-06-03 03:06:56","level":"error","message":"SQL ERROR"}
{"time":"2018-06-03 03:06:25","level":"debug","message":"SELECT mbr_idx, mbr_id, mbr_name, mbr_team, mbr_arrive_in, mbr_arr_last_report, latitude, longitude, mbr_pos_last_report FROM eq_member"}
{"time":"2018-06-03 03:06:50","level":"debug","message":"SELECT mbr_idx, mbr_id, mbr_name, mbr_team, mbr_arrive_in, mbr_arr_last_report, latitude, longitude, mbr_pos_last_report FROM eq_member"}
